2014-12-11 23:22:11.424 HTML5Application[29738:18652479] DiskCookieStorage changing policy from 2 to 0, cookie file: file:///Users/Karthik/Library/Developer/CoreSimulator/Devices/8A2F1979-AB04-401A-902D-460BC1B2FCF7/data/Containers/Data/Application/AFAAF9A0-B67B-4C04-9511-9E4BB1D1963A/Library/Cookies/Cookies.binarycookies
2014-12-11 23:22:11.490 HTML5Application[29738:18652479] Apache Cordova native platform version 3.6.3 is starting.
2014-12-11 23:22:11.490 HTML5Application[29738:18652479] Multi-tasking -> Device: YES, App: YES
2014-12-11 23:22:11.502 HTML5Application[29738:18652479] Unlimited access to network resources
2014-12-11 23:22:11.506 HTML5Application[29738:18652479] 

Started backup to iCloud! Please be careful.
Your application might be rejected by Apple if you store too much data.
For more information please read "iOS Data Storage Guidelines" at:
https://developer.apple.com/icloud/documentation/data-storage/

2014-12-11 23:22:12.262 HTML5Application[29738:18652479] Resetting plugins due to page load.
2014-12-11 23:22:12.380 HTML5Application[29738:18652479] Finished load of: file:///Users/Karthik/Library/Developer/CoreSimulator/Devices/8A2F1979-AB04-401A-902D-460BC1B2FCF7/data/Containers/Bundle/Application/F83A3B8D-2E05-4C57-BCE0-99218A364991/HTML5Application.app/www/index.html
2014-12-11 23:32:42.231 HTML5Application[30075:18659562] DiskCookieStorage changing policy from 2 to 0, cookie file: file:///Users/Karthik/Library/Developer/CoreSimulator/Devices/8A2F1979-AB04-401A-902D-460BC1B2FCF7/data/Containers/Data/Application/49BF26B9-456A-49AA-B0B6-31108F67FE7E/Library/Cookies/Cookies.binarycookies
2014-12-11 23:32:42.294 HTML5Application[30075:18659562] Apache Cordova native platform version 3.6.3 is starting.
2014-12-11 23:32:42.295 HTML5Application[30075:18659562] Multi-tasking -> Device: YES, App: YES
2014-12-11 23:32:42.300 HTML5Application[30075:18659562] Unlimited access to network resources
2014-12-11 23:32:42.303 HTML5Application[30075:18659562] 

Started backup to iCloud! Please be careful.
Your application might be rejected by Apple if you store too much data.
For more information please read "iOS Data Storage Guidelines" at:
https://developer.apple.com/icloud/documentation/data-storage/

2014-12-11 23:32:42.563 HTML5Application[30075:18659562] Resetting plugins due to page load.
2014-12-11 23:32:43.138 HTML5Application[30075:18659562] Finished load of: file:///Users/Karthik/Library/Developer/CoreSimulator/Devices/8A2F1979-AB04-401A-902D-460BC1B2FCF7/data/Containers/Bundle/Application/E90CD013-36A4-48E0-ABDD-952305B27717/HTML5Application.app/www/index.html
2014-12-11 23:33:17.126 HTML5Application[30540:18660750] DiskCookieStorage changing policy from 2 to 0, cookie file: file:///Users/Karthik/Library/Developer/CoreSimulator/Devices/8A2F1979-AB04-401A-902D-460BC1B2FCF7/data/Containers/Data/Application/9885AA3B-27F6-435E-926F-B15762A5B9EF/Library/Cookies/Cookies.binarycookies
2014-12-11 23:33:17.189 HTML5Application[30540:18660750] Apache Cordova native platform version 3.6.3 is starting.
2014-12-11 23:33:17.189 HTML5Application[30540:18660750] Multi-tasking -> Device: YES, App: YES
2014-12-11 23:33:17.194 HTML5Application[30540:18660750] Unlimited access to network resources
2014-12-11 23:33:17.196 HTML5Application[30540:18660750] 

Started backup to iCloud! Please be careful.
Your application might be rejected by Apple if you store too much data.
For more information please read "iOS Data Storage Guidelines" at:
https://developer.apple.com/icloud/documentation/data-storage/

2014-12-11 23:33:17.401 HTML5Application[30540:18660750] Resetting plugins due to page load.
2014-12-11 23:33:17.760 HTML5Application[30540:18660750] Finished load of: file:///Users/Karthik/Library/Developer/CoreSimulator/Devices/8A2F1979-AB04-401A-902D-460BC1B2FCF7/data/Containers/Bundle/Application/6FA3B8BA-F954-4996-808F-0582C51F1804/HTML5Application.app/www/index.html
2014-12-11 23:36:45.203 HTML5Application[31204:18665174] DiskCookieStorage changing policy from 2 to 0, cookie file: file:///Users/Karthik/Library/Developer/CoreSimulator/Devices/8A2F1979-AB04-401A-902D-460BC1B2FCF7/data/Containers/Data/Application/35152DC5-B8F6-4421-9744-1B4518645124/Library/Cookies/Cookies.binarycookies
2014-12-11 23:36:45.379 HTML5Application[31204:18665174] Apache Cordova native platform version 3.6.3 is starting.
2014-12-11 23:36:45.380 HTML5Application[31204:18665174] Multi-tasking -> Device: YES, App: YES
2014-12-11 23:36:45.431 HTML5Application[31204:18665174] Unlimited access to network resources
2014-12-11 23:36:45.442 HTML5Application[31204:18665174] 

Started backup to iCloud! Please be careful.
Your application might be rejected by Apple if you store too much data.
For more information please read "iOS Data Storage Guidelines" at:
https://developer.apple.com/icloud/documentation/data-storage/

2014-12-11 23:36:46.095 HTML5Application[31204:18665174] Resetting plugins due to page load.
2014-12-11 23:36:46.556 HTML5Application[31204:18665174] Finished load of: file:///Users/Karthik/Library/Developer/CoreSimulator/Devices/8A2F1979-AB04-401A-902D-460BC1B2FCF7/data/Containers/Bundle/Application/5EADCFFF-EF9B-458C-8396-78F8C1D48BF5/HTML5Application.app/www/index.html
2014-12-11 23:47:31.809 HTML5Application[31897:18675067] DiskCookieStorage changing policy from 2 to 0, cookie file: file:///Users/Karthik/Library/Developer/CoreSimulator/Devices/8A2F1979-AB04-401A-902D-460BC1B2FCF7/data/Containers/Data/Application/B84A980E-83C5-4663-86A1-D6821D39391C/Library/Cookies/Cookies.binarycookies
2014-12-11 23:47:31.913 HTML5Application[31897:18675067] Apache Cordova native platform version 3.6.3 is starting.
2014-12-11 23:47:31.913 HTML5Application[31897:18675067] Multi-tasking -> Device: YES, App: YES
2014-12-11 23:47:31.921 HTML5Application[31897:18675067] Unlimited access to network resources
2014-12-11 23:47:31.924 HTML5Application[31897:18675067] 

Started backup to iCloud! Please be careful.
Your application might be rejected by Apple if you store too much data.
For more information please read "iOS Data Storage Guidelines" at:
https://developer.apple.com/icloud/documentation/data-storage/

2014-12-11 23:47:32.285 HTML5Application[31897:18675067] Resetting plugins due to page load.
2014-12-11 23:47:32.518 HTML5Application[31897:18675067] Finished load of: file:///Users/Karthik/Library/Developer/CoreSimulator/Devices/8A2F1979-AB04-401A-902D-460BC1B2FCF7/data/Containers/Bundle/Application/1A0D7579-9F03-4E5F-A3F3-0DFC9E5ADCFF/HTML5Application.app/www/index.html
2014-12-11 23:49:47.869 HTML5Application[32389:18677826] DiskCookieStorage changing policy from 2 to 0, cookie file: file:///Users/Karthik/Library/Developer/CoreSimulator/Devices/8A2F1979-AB04-401A-902D-460BC1B2FCF7/data/Containers/Data/Application/E6661EA3-899C-4736-8147-FA1A02D35BE6/Library/Cookies/Cookies.binarycookies
2014-12-11 23:49:47.942 HTML5Application[32389:18677826] Apache Cordova native platform version 3.6.3 is starting.
2014-12-11 23:49:47.943 HTML5Application[32389:18677826] Multi-tasking -> Device: YES, App: YES
2014-12-11 23:49:47.949 HTML5Application[32389:18677826] Unlimited access to network resources
2014-12-11 23:49:47.952 HTML5Application[32389:18677826] 

Started backup to iCloud! Please be careful.
Your application might be rejected by Apple if you store too much data.
For more information please read "iOS Data Storage Guidelines" at:
https://developer.apple.com/icloud/documentation/data-storage/

2014-12-11 23:49:48.215 HTML5Application[32389:18677826] Resetting plugins due to page load.
2014-12-11 23:49:48.497 HTML5Application[32389:18677826] Finished load of: file:///Users/Karthik/Library/Developer/CoreSimulator/Devices/8A2F1979-AB04-401A-902D-460BC1B2FCF7/data/Containers/Bundle/Application/F625FFE0-88DA-4852-A6CC-CD31727A4560/HTML5Application.app/www/index.html
2014-12-11 23:52:03.138 HTML5Application[32879:18680374] DiskCookieStorage changing policy from 2 to 0, cookie file: file:///Users/Karthik/Library/Developer/CoreSimulator/Devices/8A2F1979-AB04-401A-902D-460BC1B2FCF7/data/Containers/Data/Application/F67F57AB-9001-448E-B0C2-BDA9AE1DFD6E/Library/Cookies/Cookies.binarycookies
2014-12-11 23:52:03.214 HTML5Application[32879:18680374] Apache Cordova native platform version 3.6.3 is starting.
2014-12-11 23:52:03.215 HTML5Application[32879:18680374] Multi-tasking -> Device: YES, App: YES
2014-12-11 23:52:03.222 HTML5Application[32879:18680374] Unlimited access to network resources
2014-12-11 23:52:03.225 HTML5Application[32879:18680374] 

Started backup to iCloud! Please be careful.
Your application might be rejected by Apple if you store too much data.
For more information please read "iOS Data Storage Guidelines" at:
https://developer.apple.com/icloud/documentation/data-storage/

2014-12-11 23:52:03.524 HTML5Application[32879:18680374] Resetting plugins due to page load.
2014-12-11 23:52:03.784 HTML5Application[32879:18680374] Finished load of: file:///Users/Karthik/Library/Developer/CoreSimulator/Devices/8A2F1979-AB04-401A-902D-460BC1B2FCF7/data/Containers/Bundle/Application/4C6D014B-630F-488C-808E-F383BCF58C9C/HTML5Application.app/www/index.html
2014-12-12 00:02:51.677 HTML5Application[33532:18691412] DiskCookieStorage changing policy from 2 to 0, cookie file: file:///Users/Karthik/Library/Developer/CoreSimulator/Devices/8A2F1979-AB04-401A-902D-460BC1B2FCF7/data/Containers/Data/Application/38571114-2402-4365-9071-1C57243728B7/Library/Cookies/Cookies.binarycookies
2014-12-12 00:02:51.745 HTML5Application[33532:18691412] Apache Cordova native platform version 3.6.3 is starting.
2014-12-12 00:02:51.746 HTML5Application[33532:18691412] Multi-tasking -> Device: YES, App: YES
2014-12-12 00:02:51.751 HTML5Application[33532:18691412] Unlimited access to network resources
2014-12-12 00:02:51.753 HTML5Application[33532:18691412] 

Started backup to iCloud! Please be careful.
Your application might be rejected by Apple if you store too much data.
For more information please read "iOS Data Storage Guidelines" at:
https://developer.apple.com/icloud/documentation/data-storage/

2014-12-12 00:02:52.099 HTML5Application[33532:18691412] Resetting plugins due to page load.
2014-12-12 00:02:52.580 HTML5Application[33532:18691412] Finished load of: file:///Users/Karthik/Library/Developer/CoreSimulator/Devices/8A2F1979-AB04-401A-902D-460BC1B2FCF7/data/Containers/Bundle/Application/C3ADD2CD-2C56-440A-9400-1A6453957958/HTML5Application.app/www/index.html
2014-12-12 00:03:54.784 HTML5Application[34009:18693145] DiskCookieStorage changing policy from 2 to 0, cookie file: file:///Users/Karthik/Library/Developer/CoreSimulator/Devices/8A2F1979-AB04-401A-902D-460BC1B2FCF7/data/Containers/Data/Application/EF9588B5-F54A-4964-AB67-DC6F4EE0D4D9/Library/Cookies/Cookies.binarycookies
2014-12-12 00:03:54.856 HTML5Application[34009:18693145] Apache Cordova native platform version 3.6.3 is starting.
2014-12-12 00:03:54.857 HTML5Application[34009:18693145] Multi-tasking -> Device: YES, App: YES
2014-12-12 00:03:54.862 HTML5Application[34009:18693145] Unlimited access to network resources
2014-12-12 00:03:54.864 HTML5Application[34009:18693145] 

Started backup to iCloud! Please be careful.
Your application might be rejected by Apple if you store too much data.
For more information please read "iOS Data Storage Guidelines" at:
https://developer.apple.com/icloud/documentation/data-storage/

2014-12-12 00:03:55.121 HTML5Application[34009:18693145] Resetting plugins due to page load.
2014-12-12 00:03:55.467 HTML5Application[34009:18693145] Finished load of: file:///Users/Karthik/Library/Developer/CoreSimulator/Devices/8A2F1979-AB04-401A-902D-460BC1B2FCF7/data/Containers/Bundle/Application/5D1F0BED-5173-4BAA-B600-9F5D54DFB5E2/HTML5Application.app/www/index.html
2014-12-12 00:05:36.377 HTML5Application[34536:18697740] DiskCookieStorage changing policy from 2 to 0, cookie file: file:///Users/Karthik/Library/Developer/CoreSimulator/Devices/8A2F1979-AB04-401A-902D-460BC1B2FCF7/data/Containers/Data/Application/A62399FB-AA4C-4D45-AF1C-A31F6967ABE3/Library/Cookies/Cookies.binarycookies
2014-12-12 00:05:36.496 HTML5Application[34536:18697740] Apache Cordova native platform version 3.6.3 is starting.
2014-12-12 00:05:36.497 HTML5Application[34536:18697740] Multi-tasking -> Device: YES, App: YES
2014-12-12 00:05:36.503 HTML5Application[34536:18697740] Unlimited access to network resources
2014-12-12 00:05:36.505 HTML5Application[34536:18697740] 

Started backup to iCloud! Please be careful.
Your application might be rejected by Apple if you store too much data.
For more information please read "iOS Data Storage Guidelines" at:
https://developer.apple.com/icloud/documentation/data-storage/

2014-12-12 00:05:36.771 HTML5Application[34536:18697740] Resetting plugins due to page load.
2014-12-12 00:05:37.027 HTML5Application[34536:18697740] Finished load of: file:///Users/Karthik/Library/Developer/CoreSimulator/Devices/8A2F1979-AB04-401A-902D-460BC1B2FCF7/data/Containers/Bundle/Application/DBB917E8-D542-402A-A967-6A7B23399DE1/HTML5Application.app/www/index.html
2014-12-12 00:05:44.343 HTML5Application[34536:18697740] CDVWebViewDelegate: Navigation started when state=1
2014-12-12 00:05:44.343 HTML5Application[34536:18697740] Failed to load webpage with error: CDVWebViewDelegate: Navigation started when state=1
2014-12-12 00:05:44.350 HTML5Application[34536:18697740] Resetting plugins due to page load.
2014-12-12 00:05:47.302 HTML5Application[34536:18697740] Finished load of: http://www.bbc.co.uk/news/uk-politics-30417955#sa-ns_mchannel=rss&ns_source=PublicRSS20-sa
2014-12-12 00:05:47.309 HTML5Application[34536:18697740] Resetting plugins due to page load.
2014-12-12 00:05:53.969 HTML5Application[34536:18697740] Finished load of: http://m.bbc.com/news/uk-politics-30417955
2014-12-12 00:11:13.650 HTML5Application[35123:18703367] DiskCookieStorage changing policy from 2 to 0, cookie file: file:///Users/Karthik/Library/Developer/CoreSimulator/Devices/8A2F1979-AB04-401A-902D-460BC1B2FCF7/data/Containers/Data/Application/53BCE2AB-BCC6-4D63-8CA3-8333AFD907A2/Library/Cookies/Cookies.binarycookies
2014-12-12 00:11:13.751 HTML5Application[35123:18703367] Apache Cordova native platform version 3.6.3 is starting.
2014-12-12 00:11:13.752 HTML5Application[35123:18703367] Multi-tasking -> Device: YES, App: YES
2014-12-12 00:11:13.762 HTML5Application[35123:18703367] Unlimited access to network resources
2014-12-12 00:11:13.765 HTML5Application[35123:18703367] 

Started backup to iCloud! Please be careful.
Your application might be rejected by Apple if you store too much data.
For more information please read "iOS Data Storage Guidelines" at:
https://developer.apple.com/icloud/documentation/data-storage/

2014-12-12 00:11:14.394 HTML5Application[35123:18703367] Resetting plugins due to page load.
2014-12-12 00:11:14.649 HTML5Application[35123:18703367] Finished load of: file:///Users/Karthik/Library/Developer/CoreSimulator/Devices/8A2F1979-AB04-401A-902D-460BC1B2FCF7/data/Containers/Bundle/Application/921D04EC-C84D-495F-91B3-45D56F75BD10/HTML5Application.app/www/index.html
2014-12-12 00:13:07.108 HTML5Application[35669:18705931] DiskCookieStorage changing policy from 2 to 0, cookie file: file:///Users/Karthik/Library/Developer/CoreSimulator/Devices/8A2F1979-AB04-401A-902D-460BC1B2FCF7/data/Containers/Data/Application/E106696C-AF60-4C7E-B406-C4434C6508C0/Library/Cookies/Cookies.binarycookies
2014-12-12 00:13:07.185 HTML5Application[35669:18705931] Apache Cordova native platform version 3.6.3 is starting.
2014-12-12 00:13:07.186 HTML5Application[35669:18705931] Multi-tasking -> Device: YES, App: YES
2014-12-12 00:13:07.193 HTML5Application[35669:18705931] Unlimited access to network resources
2014-12-12 00:13:07.196 HTML5Application[35669:18705931] 

Started backup to iCloud! Please be careful.
Your application might be rejected by Apple if you store too much data.
For more information please read "iOS Data Storage Guidelines" at:
https://developer.apple.com/icloud/documentation/data-storage/

2014-12-12 00:13:07.547 HTML5Application[35669:18705931] Resetting plugins due to page load.
2014-12-12 00:13:07.950 HTML5Application[35669:18705931] Finished load of: file:///Users/Karthik/Library/Developer/CoreSimulator/Devices/8A2F1979-AB04-401A-902D-460BC1B2FCF7/data/Containers/Bundle/Application/D41734BE-555B-4D87-8771-46AE2D8582D9/HTML5Application.app/www/index.html
2014-12-12 00:13:25.220 HTML5Application[35669:18705931] THREAD WARNING: ['InAppBrowser'] took '205.186035' ms. Plugin should use a background thread.
2014-12-12 00:13:28.188 HTML5Application[35669:18705931] webView:didFailLoadWithError - -999: The operation couldn’t be completed. (NSURLErrorDomain error -999.)
2014-12-12 00:31:04.399 HTML5Application[35669:18720377] Communications error: <OS_xpc_error: <error: 0x2d875f4> { count = 1, contents =
	"XPCErrorDescription" => <string: 0x2d8783c> { length = 22, contents = "Connection interrupted" }
}>
